INFO  - 2017-12-18 22:53:00.500; org.eclipse.jetty.server.Server; jetty-8.1.10.v20130312
INFO  - 2017-12-18 22:53:00.517; org.eclipse.jetty.deploy.providers.ScanningAppProvider; Deployment monitor D:\pythonspace\mysite\solr-4.10.4\example\contexts at interval 0
INFO  - 2017-12-18 22:53:00.522; org.eclipse.jetty.deploy.DeploymentManager; Deployable added: D:\pythonspace\mysite\solr-4.10.4\example\contexts\solr-jetty-context.xml
INFO  - 2017-12-18 22:53:02.342; org.eclipse.jetty.webapp.StandardDescriptorProcessor; NO JSP Support for /solr, did not find org.apache.jasper.servlet.JspServlet
INFO  - 2017-12-18 22:53:02.381; org.apache.solr.servlet.SolrDispatchFilter; SolrDispatchFilter.init()
INFO  - 2017-12-18 22:53:02.395; org.apache.solr.core.SolrResourceLoader; JNDI not configured for solr (NoInitialContextEx)
INFO  - 2017-12-18 22:53:02.396; org.apache.solr.core.SolrResourceLoader; using system property solr.solr.home: D:\pythonspace\mysite\solr-4.10.4\example\solr
INFO  - 2017-12-18 22:53:02.397; org.apache.solr.core.SolrResourceLoader; new SolrResourceLoader for directory: 'D:\pythonspace\mysite\solr-4.10.4\example\solr\'
INFO  - 2017-12-18 22:53:02.487; org.apache.solr.core.ConfigSolr; Loading container configuration from D:\pythonspace\mysite\solr-4.10.4\example\solr\solr.xml
INFO  - 2017-12-18 22:53:02.588; org.apache.solr.core.CorePropertiesLocator; Config-defined core root directory: D:\pythonspace\mysite\solr-4.10.4\example\solr
INFO  - 2017-12-18 22:53:02.593; org.apache.solr.core.CoreContainer; New CoreContainer 2028265136
INFO  - 2017-12-18 22:53:02.594; org.apache.solr.core.CoreContainer; Loading cores into CoreContainer [instanceDir=D:\pythonspace\mysite\solr-4.10.4\example\solr\]
INFO  - 2017-12-18 22:53:02.603; org.apache.solr.handler.component.HttpShardHandlerFactory; Setting socketTimeout to: 0
INFO  - 2017-12-18 22:53:02.604; org.apache.solr.handler.component.HttpShardHandlerFactory; Setting urlScheme to: null
INFO  - 2017-12-18 22:53:02.607; org.apache.solr.handler.component.HttpShardHandlerFactory; Setting connTimeout to: 0
INFO  - 2017-12-18 22:53:02.607; org.apache.solr.handler.component.HttpShardHandlerFactory; Setting maxConnectionsPerHost to: 20
INFO  - 2017-12-18 22:53:02.608; org.apache.solr.handler.component.HttpShardHandlerFactory; Setting corePoolSize to: 0
INFO  - 2017-12-18 22:53:02.609; org.apache.solr.handler.component.HttpShardHandlerFactory; Setting maximumPoolSize to: 2147483647
INFO  - 2017-12-18 22:53:02.609; org.apache.solr.handler.component.HttpShardHandlerFactory; Setting maxThreadIdleTime to: 5
INFO  - 2017-12-18 22:53:02.609; org.apache.solr.handler.component.HttpShardHandlerFactory; Setting sizeOfQueue to: -1
INFO  - 2017-12-18 22:53:02.609; org.apache.solr.handler.component.HttpShardHandlerFactory; Setting fairnessPolicy to: false
INFO  - 2017-12-18 22:53:02.610; org.apache.solr.handler.component.HttpShardHandlerFactory; Setting useRetries to: false
INFO  - 2017-12-18 22:53:02.956; org.apache.solr.update.UpdateShardHandler; Creating UpdateShardHandler HTTP client with params: socketTimeout=0&connTimeout=0&retry=true
INFO  - 2017-12-18 22:53:02.957; org.apache.solr.logging.LogWatcher; SLF4J impl is org.slf4j.impl.Log4jLoggerFactory
INFO  - 2017-12-18 22:53:02.959; org.apache.solr.logging.LogWatcher; Registering Log Listener [Log4j (org.slf4j.impl.Log4jLoggerFactory)]
INFO  - 2017-12-18 22:53:02.960; org.apache.solr.core.CoreContainer; Host Name: 
INFO  - 2017-12-18 22:53:07.513; org.apache.solr.core.CorePropertiesLocator; Looking for core definitions underneath D:\pythonspace\mysite\solr-4.10.4\example\solr
INFO  - 2017-12-18 22:53:07.524; org.apache.solr.core.CorePropertiesLocator; Found core blog in D:\pythonspace\mysite\solr-4.10.4\example\solr\blog\
INFO  - 2017-12-18 22:53:07.530; org.apache.solr.core.CorePropertiesLocator; Found core collection1 in D:\pythonspace\mysite\solr-4.10.4\example\solr\collection1\
INFO  - 2017-12-18 22:53:07.530; org.apache.solr.core.CorePropertiesLocator; Found 2 core definitions
INFO  - 2017-12-18 22:53:07.532; org.apache.solr.core.SolrResourceLoader; new SolrResourceLoader for directory: 'D:\pythonspace\mysite\solr-4.10.4\example\solr\blog\'
INFO  - 2017-12-18 22:53:07.532; org.apache.solr.core.SolrResourceLoader; new SolrResourceLoader for directory: 'D:\pythonspace\mysite\solr-4.10.4\example\solr\collection1\'
INFO  - 2017-12-18 22:53:07.566; org.apache.solr.core.SolrConfig; Using Lucene MatchVersion: 3.6.0
INFO  - 2017-12-18 22:53:07.586; org.apache.solr.core.SolrConfig; Adding specified lib dirs to ClassLoader
INFO  - 2017-12-18 22:53:07.588; org.apache.solr.core.SolrResourceLoader; Adding 'file:/D:/pythonspace/mysite/solr-4.10.4/contrib/extraction/lib/apache-mime4j-core-0.7.2.jar' to classloader
INFO  - 2017-12-18 22:53:07.588; org.apache.solr.core.SolrResourceLoader; Adding 'file:/D:/pythonspace/mysite/solr-4.10.4/contrib/extraction/lib/apache-mime4j-dom-0.7.2.jar' to classloader
INFO  - 2017-12-18 22:53:07.590; org.apache.solr.core.SolrResourceLoader; Adding 'file:/D:/pythonspace/mysite/solr-4.10.4/contrib/extraction/lib/aspectjrt-1.6.11.jar' to classloader
INFO  - 2017-12-18 22:53:07.590; org.apache.solr.core.SolrResourceLoader; Adding 'file:/D:/pythonspace/mysite/solr-4.10.4/contrib/extraction/lib/bcmail-jdk15-1.45.jar' to classloader
INFO  - 2017-12-18 22:53:07.591; org.apache.solr.core.SolrResourceLoader; Adding 'file:/D:/pythonspace/mysite/solr-4.10.4/contrib/extraction/lib/bcprov-jdk15-1.45.jar' to classloader
INFO  - 2017-12-18 22:53:07.591; org.apache.solr.core.SolrResourceLoader; Adding 'file:/D:/pythonspace/mysite/solr-4.10.4/contrib/extraction/lib/boilerpipe-1.1.0.jar' to classloader
INFO  - 2017-12-18 22:53:07.591; org.apache.solr.core.SolrResourceLoader; Adding 'file:/D:/pythonspace/mysite/solr-4.10.4/contrib/extraction/lib/commons-compress-1.7.jar' to classloader
INFO  - 2017-12-18 22:53:07.592; org.apache.solr.core.SolrResourceLoader; Adding 'file:/D:/pythonspace/mysite/solr-4.10.4/contrib/extraction/lib/dom4j-1.6.1.jar' to classloader
INFO  - 2017-12-18 22:53:07.593; org.apache.solr.core.SolrResourceLoader; Adding 'file:/D:/pythonspace/mysite/solr-4.10.4/contrib/extraction/lib/fontbox-1.8.4.jar' to classloader
INFO  - 2017-12-18 22:53:07.593; org.apache.solr.core.SolrResourceLoader; Adding 'file:/D:/pythonspace/mysite/solr-4.10.4/contrib/extraction/lib/icu4j-53.1.jar' to classloader
INFO  - 2017-12-18 22:53:07.594; org.apache.solr.core.SolrResourceLoader; Adding 'file:/D:/pythonspace/mysite/solr-4.10.4/contrib/extraction/lib/isoparser-1.0-RC-1.jar' to classloader
INFO  - 2017-12-18 22:53:07.594; org.apache.solr.core.SolrResourceLoader; Adding 'file:/D:/pythonspace/mysite/solr-4.10.4/contrib/extraction/lib/jdom-1.0.jar' to classloader
INFO  - 2017-12-18 22:53:07.595; org.apache.solr.core.SolrResourceLoader; Adding 'file:/D:/pythonspace/mysite/solr-4.10.4/contrib/extraction/lib/jempbox-1.8.4.jar' to classloader
INFO  - 2017-12-18 22:53:07.596; org.apache.solr.core.SolrResourceLoader; Adding 'file:/D:/pythonspace/mysite/solr-4.10.4/contrib/extraction/lib/jhighlight-1.0.jar' to classloader
INFO  - 2017-12-18 22:53:07.599; org.apache.solr.core.SolrResourceLoader; Adding 'file:/D:/pythonspace/mysite/solr-4.10.4/contrib/extraction/lib/juniversalchardet-1.0.3.jar' to classloader
INFO  - 2017-12-18 22:53:07.600; org.apache.solr.core.SolrResourceLoader; Adding 'file:/D:/pythonspace/mysite/solr-4.10.4/contrib/extraction/lib/metadata-extractor-2.6.2.jar' to classloader
INFO  - 2017-12-18 22:53:07.601; org.apache.solr.core.SolrResourceLoader; Adding 'file:/D:/pythonspace/mysite/solr-4.10.4/contrib/extraction/lib/pdfbox-1.8.4.jar' to classloader
INFO  - 2017-12-18 22:53:07.601; org.apache.solr.core.SolrResourceLoader; Adding 'file:/D:/pythonspace/mysite/solr-4.10.4/contrib/extraction/lib/poi-3.10.1.jar' to classloader
INFO  - 2017-12-18 22:53:07.603; org.apache.solr.core.SolrResourceLoader; Adding 'file:/D:/pythonspace/mysite/solr-4.10.4/contrib/extraction/lib/poi-ooxml-3.10.1.jar' to classloader
INFO  - 2017-12-18 22:53:07.604; org.apache.solr.core.SolrResourceLoader; Adding 'file:/D:/pythonspace/mysite/solr-4.10.4/contrib/extraction/lib/poi-ooxml-schemas-3.10.1.jar' to classloader
INFO  - 2017-12-18 22:53:07.604; org.apache.solr.core.SolrResourceLoader; Adding 'file:/D:/pythonspace/mysite/solr-4.10.4/contrib/extraction/lib/poi-scratchpad-3.10.1.jar' to classloader
INFO  - 2017-12-18 22:53:07.605; org.apache.solr.core.SolrResourceLoader; Adding 'file:/D:/pythonspace/mysite/solr-4.10.4/contrib/extraction/lib/rome-0.9.jar' to classloader
INFO  - 2017-12-18 22:53:07.605; org.apache.solr.core.SolrResourceLoader; Adding 'file:/D:/pythonspace/mysite/solr-4.10.4/contrib/extraction/lib/tagsoup-1.2.1.jar' to classloader
INFO  - 2017-12-18 22:53:07.605; org.apache.solr.core.SolrResourceLoader; Adding 'file:/D:/pythonspace/mysite/solr-4.10.4/contrib/extraction/lib/tika-core-1.5.jar' to classloader
INFO  - 2017-12-18 22:53:07.606; org.apache.solr.core.SolrResourceLoader; Adding 'file:/D:/pythonspace/mysite/solr-4.10.4/contrib/extraction/lib/tika-parsers-1.5.jar' to classloader
INFO  - 2017-12-18 22:53:07.606; org.apache.solr.core.SolrResourceLoader; Adding 'file:/D:/pythonspace/mysite/solr-4.10.4/contrib/extraction/lib/tika-xmp-1.5.jar' to classloader
INFO  - 2017-12-18 22:53:07.607; org.apache.solr.core.SolrResourceLoader; Adding 'file:/D:/pythonspace/mysite/solr-4.10.4/contrib/extraction/lib/vorbis-java-core-0.1.jar' to classloader
INFO  - 2017-12-18 22:53:07.607; org.apache.solr.core.SolrResourceLoader; Adding 'file:/D:/pythonspace/mysite/solr-4.10.4/contrib/extraction/lib/vorbis-java-tika-0.1.jar' to classloader
INFO  - 2017-12-18 22:53:07.608; org.apache.solr.core.SolrResourceLoader; Adding 'file:/D:/pythonspace/mysite/solr-4.10.4/contrib/extraction/lib/xercesImpl-2.9.1.jar' to classloader
INFO  - 2017-12-18 22:53:07.611; org.apache.solr.core.SolrResourceLoader; Adding 'file:/D:/pythonspace/mysite/solr-4.10.4/contrib/extraction/lib/xmlbeans-2.6.0.jar' to classloader
INFO  - 2017-12-18 22:53:07.611; org.apache.solr.core.SolrConfig; Loaded SolrConfig: solrconfig.xml
INFO  - 2017-12-18 22:53:07.612; org.apache.solr.core.SolrResourceLoader; Adding 'file:/D:/pythonspace/mysite/solr-4.10.4/contrib/extraction/lib/xmpcore-5.1.2.jar' to classloader
INFO  - 2017-12-18 22:53:07.612; org.apache.solr.core.SolrResourceLoader; Adding 'file:/D:/pythonspace/mysite/solr-4.10.4/contrib/extraction/lib/xz-1.4.jar' to classloader
INFO  - 2017-12-18 22:53:07.614; org.apache.solr.core.SolrResourceLoader; Adding 'file:/D:/pythonspace/mysite/solr-4.10.4/dist/solr-cell-4.10.4.jar' to classloader
INFO  - 2017-12-18 22:53:07.615; org.apache.solr.core.SolrResourceLoader; Adding 'file:/D:/pythonspace/mysite/solr-4.10.4/contrib/clustering/lib/attributes-binder-1.2.1.jar' to classloader
INFO  - 2017-12-18 22:53:07.616; org.apache.solr.core.SolrResourceLoader; Adding 'file:/D:/pythonspace/mysite/solr-4.10.4/contrib/clustering/lib/carrot2-mini-3.9.0.jar' to classloader
INFO  - 2017-12-18 22:53:07.617; org.apache.solr.core.SolrResourceLoader; Adding 'file:/D:/pythonspace/mysite/solr-4.10.4/contrib/clustering/lib/hppc-0.5.2.jar' to classloader
INFO  - 2017-12-18 22:53:07.617; org.apache.solr.core.SolrResourceLoader; Adding 'file:/D:/pythonspace/mysite/solr-4.10.4/contrib/clustering/lib/jackson-core-asl-1.9.13.jar' to classloader
INFO  - 2017-12-18 22:53:07.618; org.apache.solr.core.SolrResourceLoader; Adding 'file:/D:/pythonspace/mysite/solr-4.10.4/contrib/clustering/lib/jackson-mapper-asl-1.9.13.jar' to classloader
INFO  - 2017-12-18 22:53:07.619; org.apache.solr.core.SolrResourceLoader; Adding 'file:/D:/pythonspace/mysite/solr-4.10.4/contrib/clustering/lib/mahout-collections-1.0.jar' to classloader
INFO  - 2017-12-18 22:53:07.623; org.apache.solr.core.SolrResourceLoader; Adding 'file:/D:/pythonspace/mysite/solr-4.10.4/contrib/clustering/lib/mahout-math-0.6.jar' to classloader
INFO  - 2017-12-18 22:53:07.624; org.apache.solr.core.SolrResourceLoader; Adding 'file:/D:/pythonspace/mysite/solr-4.10.4/contrib/clustering/lib/simple-xml-2.7.jar' to classloader
INFO  - 2017-12-18 22:53:07.624; org.apache.solr.core.SolrResourceLoader; Adding 'file:/D:/pythonspace/mysite/solr-4.10.4/dist/solr-clustering-4.10.4.jar' to classloader
INFO  - 2017-12-18 22:53:07.625; org.apache.solr.core.SolrResourceLoader; Adding 'file:/D:/pythonspace/mysite/solr-4.10.4/contrib/langid/lib/jsonic-1.2.7.jar' to classloader
INFO  - 2017-12-18 22:53:07.626; org.apache.solr.core.SolrResourceLoader; Adding 'file:/D:/pythonspace/mysite/solr-4.10.4/contrib/langid/lib/langdetect-1.1-20120112.jar' to classloader
INFO  - 2017-12-18 22:53:07.626; org.apache.solr.schema.IndexSchema; Reading Solr Schema from D:\pythonspace\mysite\solr-4.10.4\example\solr\blog\conf\schema.xml
INFO  - 2017-12-18 22:53:07.627; org.apache.solr.core.SolrResourceLoader; Adding 'file:/D:/pythonspace/mysite/solr-4.10.4/dist/solr-langid-4.10.4.jar' to classloader
INFO  - 2017-12-18 22:53:07.628; org.apache.solr.core.SolrResourceLoader; Adding 'file:/D:/pythonspace/mysite/solr-4.10.4/contrib/velocity/lib/commons-beanutils-1.8.3.jar' to classloader
INFO  - 2017-12-18 22:53:07.628; org.apache.solr.core.SolrResourceLoader; Adding 'file:/D:/pythonspace/mysite/solr-4.10.4/contrib/velocity/lib/commons-collections-3.2.1.jar' to classloader
INFO  - 2017-12-18 22:53:07.629; org.apache.solr.core.SolrResourceLoader; Adding 'file:/D:/pythonspace/mysite/solr-4.10.4/contrib/velocity/lib/velocity-1.7.jar' to classloader
INFO  - 2017-12-18 22:53:07.629; org.apache.solr.core.SolrResourceLoader; Adding 'file:/D:/pythonspace/mysite/solr-4.10.4/contrib/velocity/lib/velocity-tools-2.0.jar' to classloader
INFO  - 2017-12-18 22:53:07.630; org.apache.solr.core.SolrResourceLoader; Adding 'file:/D:/pythonspace/mysite/solr-4.10.4/dist/solr-velocity-4.10.4.jar' to classloader
INFO  - 2017-12-18 22:53:07.639; org.apache.solr.schema.IndexSchema; [blog] Schema name=default
WARN  - 2017-12-18 22:53:07.676; org.apache.solr.core.SolrResourceLoader; Solr loaded a deprecated plugin/analysis class [solr.SortableIntField]. Please consult documentation how to replace it accordingly.
WARN  - 2017-12-18 22:53:07.678; org.apache.solr.core.SolrResourceLoader; Solr loaded a deprecated plugin/analysis class [solr.SortableLongField]. Please consult documentation how to replace it accordingly.
WARN  - 2017-12-18 22:53:07.681; org.apache.solr.core.SolrResourceLoader; Solr loaded a deprecated plugin/analysis class [solr.SortableFloatField]. Please consult documentation how to replace it accordingly.
WARN  - 2017-12-18 22:53:07.683; org.apache.solr.core.SolrResourceLoader; Solr loaded a deprecated plugin/analysis class [solr.SortableDoubleField]. Please consult documentation how to replace it accordingly.
WARN  - 2017-12-18 22:53:07.707; org.apache.solr.schema.FieldTypePluginLoader; TokenizerFactory is using deprecated 3.6.0 emulation. You should at some point declare and reindex to at least 4.0, because 3.x emulation is deprecated and will be removed in 5.0
WARN  - 2017-12-18 22:53:07.708; org.apache.solr.schema.FieldTypePluginLoader; TokenFilterFactory is using deprecated 3.6.0 emulation. You should at some point declare and reindex to at least 4.0, because 3.x emulation is deprecated and will be removed in 5.0
WARN  - 2017-12-18 22:53:07.710; org.apache.solr.schema.FieldTypePluginLoader; TokenFilterFactory is using deprecated 3.6.0 emulation. You should at some point declare and reindex to at least 4.0, because 3.x emulation is deprecated and will be removed in 5.0
WARN  - 2017-12-18 22:53:07.713; org.apache.solr.schema.FieldTypePluginLoader; TokenFilterFactory is using deprecated 3.6.0 emulation. You should at some point declare and reindex to at least 4.0, because 3.x emulation is deprecated and will be removed in 5.0
WARN  - 2017-12-18 22:53:07.715; org.apache.solr.schema.FieldTypePluginLoader; TokenizerFactory is using deprecated 3.6.0 emulation. You should at some point declare and reindex to at least 4.0, because 3.x emulation is deprecated and will be removed in 5.0
WARN  - 2017-12-18 22:53:07.716; org.apache.solr.schema.FieldTypePluginLoader; TokenFilterFactory is using deprecated 3.6.0 emulation. You should at some point declare and reindex to at least 4.0, because 3.x emulation is deprecated and will be removed in 5.0
WARN  - 2017-12-18 22:53:07.716; org.apache.solr.schema.FieldTypePluginLoader; TokenFilterFactory is using deprecated 3.6.0 emulation. You should at some point declare and reindex to at least 4.0, because 3.x emulation is deprecated and will be removed in 5.0
WARN  - 2017-12-18 22:53:07.721; org.apache.solr.schema.FieldTypePluginLoader; TokenizerFactory is using deprecated 3.6.0 emulation. You should at some point declare and reindex to at least 4.0, because 3.x emulation is deprecated and will be removed in 5.0
WARN  - 2017-12-18 22:53:07.722; org.apache.solr.schema.FieldTypePluginLoader; TokenFilterFactory is using deprecated 3.6.0 emulation. You should at some point declare and reindex to at least 4.0, because 3.x emulation is deprecated and will be removed in 5.0
WARN  - 2017-12-18 22:53:07.722; org.apache.solr.schema.FieldTypePluginLoader; TokenFilterFactory is using deprecated 3.6.0 emulation. You should at some point declare and reindex to at least 4.0, because 3.x emulation is deprecated and will be removed in 5.0
WARN  - 2017-12-18 22:53:07.723; org.apache.solr.schema.FieldTypePluginLoader; TokenFilterFactory is using deprecated 3.6.0 emulation. You should at some point declare and reindex to at least 4.0, because 3.x emulation is deprecated and will be removed in 5.0
WARN  - 2017-12-18 22:53:07.723; org.apache.solr.schema.FieldTypePluginLoader; TokenFilterFactory is using deprecated 3.6.0 emulation. You should at some point declare and reindex to at least 4.0, because 3.x emulation is deprecated and will be removed in 5.0
WARN  - 2017-12-18 22:53:07.724; org.apache.solr.schema.FieldTypePluginLoader; TokenFilterFactory is using deprecated 3.6.0 emulation. You should at some point declare and reindex to at least 4.0, because 3.x emulation is deprecated and will be removed in 5.0
WARN  - 2017-12-18 22:53:07.725; org.apache.solr.schema.FieldTypePluginLoader; TokenFilterFactory is using deprecated 3.6.0 emulation. You should at some point declare and reindex to at least 4.0, because 3.x emulation is deprecated and will be removed in 5.0
WARN  - 2017-12-18 22:53:07.727; org.apache.solr.schema.FieldTypePluginLoader; TokenizerFactory is using deprecated 3.6.0 emulation. You should at some point declare and reindex to at least 4.0, because 3.x emulation is deprecated and will be removed in 5.0
WARN  - 2017-12-18 22:53:07.729; org.apache.solr.schema.FieldTypePluginLoader; TokenFilterFactory is using deprecated 3.6.0 emulation. You should at some point declare and reindex to at least 4.0, because 3.x emulation is deprecated and will be removed in 5.0
WARN  - 2017-12-18 22:53:07.730; org.apache.solr.schema.FieldTypePluginLoader; TokenFilterFactory is using deprecated 3.6.0 emulation. You should at some point declare and reindex to at least 4.0, because 3.x emulation is deprecated and will be removed in 5.0
WARN  - 2017-12-18 22:53:07.731; org.apache.solr.schema.FieldTypePluginLoader; TokenFilterFactory is using deprecated 3.6.0 emulation. You should at some point declare and reindex to at least 4.0, because 3.x emulation is deprecated and will be removed in 5.0
WARN  - 2017-12-18 22:53:07.731; org.apache.solr.schema.FieldTypePluginLoader; TokenFilterFactory is using deprecated 3.6.0 emulation. You should at some point declare and reindex to at least 4.0, because 3.x emulation is deprecated and will be removed in 5.0
WARN  - 2017-12-18 22:53:07.731; org.apache.solr.schema.FieldTypePluginLoader; TokenFilterFactory is using deprecated 3.6.0 emulation. You should at some point declare and reindex to at least 4.0, because 3.x emulation is deprecated and will be removed in 5.0
WARN  - 2017-12-18 22:53:07.733; org.apache.solr.schema.FieldTypePluginLoader; TokenizerFactory is using deprecated 3.6.0 emulation. You should at some point declare and reindex to at least 4.0, because 3.x emulation is deprecated and will be removed in 5.0
WARN  - 2017-12-18 22:53:07.737; org.apache.solr.schema.FieldTypePluginLoader; TokenizerFactory is using deprecated 3.6.0 emulation. You should at some point declare and reindex to at least 4.0, because 3.x emulation is deprecated and will be removed in 5.0
WARN  - 2017-12-18 22:53:07.738; org.apache.solr.schema.FieldTypePluginLoader; TokenFilterFactory is using deprecated 3.6.0 emulation. You should at some point declare and reindex to at least 4.0, because 3.x emulation is deprecated and will be removed in 5.0
WARN  - 2017-12-18 22:53:07.742; org.apache.solr.schema.FieldTypePluginLoader; TokenizerFactory is using deprecated 3.6.0 emulation. You should at some point declare and reindex to at least 4.0, because 3.x emulation is deprecated and will be removed in 5.0
WARN  - 2017-12-18 22:53:07.742; org.apache.solr.schema.FieldTypePluginLoader; TokenFilterFactory is using deprecated 3.6.0 emulation. You should at some point declare and reindex to at least 4.0, because 3.x emulation is deprecated and will be removed in 5.0
WARN  - 2017-12-18 22:53:07.743; org.apache.solr.schema.FieldTypePluginLoader; TokenFilterFactory is using deprecated 3.6.0 emulation. You should at some point declare and reindex to at least 4.0, because 3.x emulation is deprecated and will be removed in 5.0
WARN  - 2017-12-18 22:53:07.745; org.apache.solr.schema.FieldTypePluginLoader; TokenizerFactory is using deprecated 3.6.0 emulation. You should at some point declare and reindex to at least 4.0, because 3.x emulation is deprecated and will be removed in 5.0
WARN  - 2017-12-18 22:53:07.745; org.apache.solr.schema.FieldTypePluginLoader; TokenFilterFactory is using deprecated 3.6.0 emulation. You should at some point declare and reindex to at least 4.0, because 3.x emulation is deprecated and will be removed in 5.0
WARN  - 2017-12-18 22:53:07.746; org.apache.solr.schema.FieldTypePluginLoader; TokenFilterFactory is using deprecated 3.6.0 emulation. You should at some point declare and reindex to at least 4.0, because 3.x emulation is deprecated and will be removed in 5.0
WARN  - 2017-12-18 22:53:07.749; org.apache.solr.schema.FieldTypePluginLoader; TokenizerFactory is using deprecated 3.6.0 emulation. You should at some point declare and reindex to at least 4.0, because 3.x emulation is deprecated and will be removed in 5.0
WARN  - 2017-12-18 22:53:07.751; org.apache.solr.schema.FieldTypePluginLoader; TokenFilterFactory is using deprecated 3.6.0 emulation. You should at some point declare and reindex to at least 4.0, because 3.x emulation is deprecated and will be removed in 5.0
WARN  - 2017-12-18 22:53:07.752; org.apache.solr.schema.FieldTypePluginLoader; TokenFilterFactory is using deprecated 3.6.0 emulation. You should at some point declare and reindex to at least 4.0, because 3.x emulation is deprecated and will be removed in 5.0
WARN  - 2017-12-18 22:53:07.753; org.apache.solr.schema.FieldTypePluginLoader; TokenFilterFactory is using deprecated 3.6.0 emulation. You should at some point declare and reindex to at least 4.0, because 3.x emulation is deprecated and will be removed in 5.0
INFO  - 2017-12-18 22:53:07.760; org.apache.solr.schema.IndexSchema; default search field in schema is text
INFO  - 2017-12-18 22:53:07.760; org.apache.solr.schema.IndexSchema; query parser default operator is AND
INFO  - 2017-12-18 22:53:07.761; org.apache.solr.schema.IndexSchema; unique key field: id
INFO  - 2017-12-18 22:53:07.792; org.apache.solr.core.CoreContainer; Creating SolrCore 'blog' using configuration from instancedir D:\pythonspace\mysite\solr-4.10.4\example\solr\blog\
INFO  - 2017-12-18 22:53:07.808; org.apache.solr.core.SolrCore; solr.NRTCachingDirectoryFactory
INFO  - 2017-12-18 22:53:07.811; org.apache.solr.core.SolrCore; [blog] Opening new SolrCore at D:\pythonspace\mysite\solr-4.10.4\example\solr\blog\, dataDir=D:\pythonspace\mysite\solr-4.10.4\example\solr\blog\data\
INFO  - 2017-12-18 22:53:07.812; org.apache.solr.core.SolrCore; JMX monitoring not detected for core: blog
INFO  - 2017-12-18 22:53:07.825; org.apache.solr.core.CachingDirectoryFactory; return new directory for D:\pythonspace\mysite\solr-4.10.4\example\solr\blog\data
INFO  - 2017-12-18 22:53:07.830; org.apache.solr.core.SolrCore; New index directory detected: old=null new=D:\pythonspace\mysite\solr-4.10.4\example\solr\blog\data\index/
INFO  - 2017-12-18 22:53:07.831; org.apache.solr.core.CachingDirectoryFactory; return new directory for D:\pythonspace\mysite\solr-4.10.4\example\solr\blog\data\index
INFO  - 2017-12-18 22:53:07.919; org.apache.solr.core.SolrCore; no updateRequestProcessorChain defined as default, creating implicit default
INFO  - 2017-12-18 22:53:07.928; org.apache.solr.core.RequestHandlers; created /update: org.apache.solr.handler.UpdateRequestHandler
INFO  - 2017-12-18 22:53:07.929; org.apache.solr.core.RequestHandlers; created /update/json: org.apache.solr.handler.UpdateRequestHandler
INFO  - 2017-12-18 22:53:07.929; org.apache.solr.core.RequestHandlers; created /update/csv: org.apache.solr.handler.UpdateRequestHandler
INFO  - 2017-12-18 22:53:07.930; org.apache.solr.core.RequestHandlers; created /update/json/docs: org.apache.solr.handler.UpdateRequestHandler
INFO  - 2017-12-18 22:53:07.934; org.apache.solr.core.RequestHandlers; created /select: solr.StandardRequestHandler
WARN  - 2017-12-18 22:53:07.936; org.apache.solr.core.RequestHandlers; Multiple requestHandler registered to the same name: /update ignoring: org.apache.solr.handler.UpdateRequestHandler
INFO  - 2017-12-18 22:53:07.936; org.apache.solr.core.RequestHandlers; created /update: solr.UpdateRequestHandler
INFO  - 2017-12-18 22:53:07.938; org.apache.solr.core.RequestHandlers; created /admin: solr.admin.AdminHandlers
INFO  - 2017-12-18 22:53:07.940; org.apache.solr.core.RequestHandlers; created /admin/ping: solr.PingRequestHandler
INFO  - 2017-12-18 22:53:07.955; org.apache.solr.handler.loader.XMLLoader; xsltCacheLifetimeSeconds=60
INFO  - 2017-12-18 22:53:07.957; org.apache.solr.handler.loader.XMLLoader; xsltCacheLifetimeSeconds=60
INFO  - 2017-12-18 22:53:07.959; org.apache.solr.handler.loader.XMLLoader; xsltCacheLifetimeSeconds=60
INFO  - 2017-12-18 22:53:07.960; org.apache.solr.handler.loader.XMLLoader; xsltCacheLifetimeSeconds=60
INFO  - 2017-12-18 22:53:07.961; org.apache.solr.handler.loader.XMLLoader; xsltCacheLifetimeSeconds=60
INFO  - 2017-12-18 22:53:07.966; org.apache.solr.update.CommitTracker; Hard AutoCommit: disabled
INFO  - 2017-12-18 22:53:07.966; org.apache.solr.update.CommitTracker; Soft AutoCommit: disabled
INFO  - 2017-12-18 22:53:08.015; org.apache.solr.core.SolrDeletionPolicy; SolrDeletionPolicy.onInit: commits: num=1
	commit{dir=NRTCachingDirectory(MMapDirectory@D:\pythonspace\mysite\solr-4.10.4\example\solr\blog\data\index lockFactory=NativeFSLockFactory@D:\pythonspace\mysite\solr-4.10.4\example\solr\blog\data\index; maxCacheMB=48.0 maxMergeSizeMB=4.0),segFN=segments_5,generation=5}
INFO  - 2017-12-18 22:53:08.016; org.apache.solr.core.SolrDeletionPolicy; newest commit generation = 5
INFO  - 2017-12-18 22:53:08.075; org.apache.solr.search.SolrIndexSearcher; Opening Searcher@11151794[blog] main
INFO  - 2017-12-18 22:53:08.080; org.apache.solr.rest.ManagedResourceStorage$FileStorageIO; File-based storage initialized to use dir: D:\pythonspace\mysite\solr-4.10.4\example\solr\blog\conf
INFO  - 2017-12-18 22:53:08.081; org.apache.solr.rest.RestManager; Initializing RestManager with initArgs: {storageDir=D:\pythonspace\mysite\solr-4.10.4\example\solr\blog\conf}
INFO  - 2017-12-18 22:53:08.090; org.apache.solr.rest.ManagedResourceStorage; Reading _rest_managed.json using file:dir=D:\pythonspace\mysite\solr-4.10.4\example\solr\blog\conf
INFO  - 2017-12-18 22:53:08.099; org.apache.solr.rest.ManagedResourceStorage; Loaded LinkedHashMap at path _rest_managed.json using file:dir=D:\pythonspace\mysite\solr-4.10.4\example\solr\blog\conf
INFO  - 2017-12-18 22:53:08.099; org.apache.solr.rest.ManagedResource; Loaded initArgs {} for /rest/managed
INFO  - 2017-12-18 22:53:08.100; org.apache.solr.rest.RestManager; Initializing 0 registered ManagedResources
INFO  - 2017-12-18 22:53:08.425; org.apache.solr.update.SolrIndexConfig; IndexWriter infoStream solr logging is enabled
INFO  - 2017-12-18 22:53:08.426; org.apache.solr.core.SolrConfig; Using Lucene MatchVersion: 4.10.4
INFO  - 2017-12-18 22:53:08.460; org.apache.solr.core.SolrConfig; Loaded SolrConfig: solrconfig.xml
INFO  - 2017-12-18 22:53:08.472; org.apache.solr.schema.IndexSchema; Reading Solr Schema from D:\pythonspace\mysite\solr-4.10.4\example\solr\collection1\conf\schema.xml
INFO  - 2017-12-18 22:53:08.500; org.apache.solr.schema.IndexSchema; [collection1] Schema name=example
INFO  - 2017-12-18 22:53:08.745; org.apache.solr.schema.IndexSchema; unique key field: id
INFO  - 2017-12-18 22:53:08.748; org.apache.solr.rest.RestManager$Registry; Registered ManagedResource impl org.apache.solr.rest.schema.analysis.ManagedWordSetResource for path /schema/analysis/stopwords/english
INFO  - 2017-12-18 22:53:08.749; org.apache.solr.rest.RestManager$Registry; Registered ManagedResource impl org.apache.solr.rest.schema.analysis.ManagedSynonymFilterFactory$SynonymManager for path /schema/analysis/synonyms/english
INFO  - 2017-12-18 22:53:08.792; org.apache.solr.schema.FileExchangeRateProvider; Reloading exchange rates from file currency.xml
INFO  - 2017-12-18 22:53:08.802; org.apache.solr.schema.FileExchangeRateProvider; Reloading exchange rates from file currency.xml
INFO  - 2017-12-18 22:53:08.999; org.apache.solr.core.CoreContainer; Creating SolrCore 'collection1' using configuration from instancedir D:\pythonspace\mysite\solr-4.10.4\example\solr\collection1\
INFO  - 2017-12-18 22:53:08.999; org.apache.solr.core.SolrCore; solr.NRTCachingDirectoryFactory
INFO  - 2017-12-18 22:53:09.002; org.apache.solr.core.SolrCore; [collection1] Opening new SolrCore at D:\pythonspace\mysite\solr-4.10.4\example\solr\collection1\, dataDir=D:\pythonspace\mysite\solr-4.10.4\example\solr\collection1\data\
INFO  - 2017-12-18 22:53:09.003; org.apache.solr.core.JmxMonitoredMap; JMX monitoring is enabled. Adding Solr mbeans to JMX Server: com.sun.jmx.mbeanserver.JmxMBeanServer@6f94fa3e
INFO  - 2017-12-18 22:53:09.015; org.apache.solr.core.SolrCore; [collection1] Added SolrEventListener for newSearcher: org.apache.solr.core.QuerySenderListener{queries=[]}
INFO  - 2017-12-18 22:53:09.015; org.apache.solr.core.SolrCore; [collection1] Added SolrEventListener for firstSearcher: org.apache.solr.core.QuerySenderListener{queries=[{q=static firstSearcher warming in solrconfig.xml}]}
INFO  - 2017-12-18 22:53:09.018; org.apache.solr.core.CachingDirectoryFactory; return new directory for D:\pythonspace\mysite\solr-4.10.4\example\solr\collection1\data
INFO  - 2017-12-18 22:53:09.019; org.apache.solr.core.SolrCore; New index directory detected: old=null new=D:\pythonspace\mysite\solr-4.10.4\example\solr\collection1\data\index/
INFO  - 2017-12-18 22:53:09.020; org.apache.solr.core.CachingDirectoryFactory; return new directory for D:\pythonspace\mysite\solr-4.10.4\example\solr\collection1\data\index
INFO  - 2017-12-18 22:53:09.023; org.apache.solr.core.SolrCore; created json: solr.JSONResponseWriter
INFO  - 2017-12-18 22:53:09.023; org.apache.solr.core.SolrCore; adding lazy queryResponseWriter: solr.VelocityResponseWriter
INFO  - 2017-12-18 22:53:09.024; org.apache.solr.core.SolrCore; created velocity: solr.VelocityResponseWriter
INFO  - 2017-12-18 22:53:09.026; org.apache.solr.core.SolrCore; created xslt: solr.XSLTResponseWriter
INFO  - 2017-12-18 22:53:09.026; org.apache.solr.response.XSLTResponseWriter; xsltCacheLifetimeSeconds=5
INFO  - 2017-12-18 22:53:09.042; org.apache.solr.core.SolrCore; no updateRequestProcessorChain defined as default, creating implicit default
INFO  - 2017-12-18 22:53:09.045; org.apache.solr.core.RequestHandlers; created /update: org.apache.solr.handler.UpdateRequestHandler
INFO  - 2017-12-18 22:53:09.046; org.apache.solr.core.RequestHandlers; created /update/json: org.apache.solr.handler.UpdateRequestHandler
INFO  - 2017-12-18 22:53:09.047; org.apache.solr.core.RequestHandlers; created /update/csv: org.apache.solr.handler.UpdateRequestHandler
INFO  - 2017-12-18 22:53:09.047; org.apache.solr.core.RequestHandlers; created /update/json/docs: org.apache.solr.handler.UpdateRequestHandler
INFO  - 2017-12-18 22:53:09.051; org.apache.solr.core.RequestHandlers; created /select: solr.SearchHandler
INFO  - 2017-12-18 22:53:09.051; org.apache.solr.core.RequestHandlers; created /query: solr.SearchHandler
INFO  - 2017-12-18 22:53:09.055; org.apache.solr.core.RequestHandlers; created /get: solr.RealTimeGetHandler
INFO  - 2017-12-18 22:53:09.055; org.apache.solr.core.RequestHandlers; created /export: solr.SearchHandler
INFO  - 2017-12-18 22:53:09.056; org.apache.solr.core.RequestHandlers; created /browse: solr.SearchHandler
WARN  - 2017-12-18 22:53:09.057; org.apache.solr.core.RequestHandlers; Multiple requestHandler registered to the same name: /update ignoring: org.apache.solr.handler.UpdateRequestHandler
INFO  - 2017-12-18 22:53:09.057; org.apache.solr.core.RequestHandlers; created /update: solr.UpdateRequestHandler
INFO  - 2017-12-18 22:53:09.057; org.apache.solr.core.RequestHandlers; adding lazy requestHandler: solr.extraction.ExtractingRequestHandler
INFO  - 2017-12-18 22:53:09.058; org.apache.solr.core.RequestHandlers; created /update/extract: solr.extraction.ExtractingRequestHandler
INFO  - 2017-12-18 22:53:09.059; org.apache.solr.core.RequestHandlers; adding lazy requestHandler: solr.FieldAnalysisRequestHandler
INFO  - 2017-12-18 22:53:09.059; org.apache.solr.core.RequestHandlers; created /analysis/field: solr.FieldAnalysisRequestHandler
INFO  - 2017-12-18 22:53:09.059; org.apache.solr.core.RequestHandlers; adding lazy requestHandler: solr.DocumentAnalysisRequestHandler
INFO  - 2017-12-18 22:53:09.060; org.apache.solr.core.RequestHandlers; created /analysis/document: solr.DocumentAnalysisRequestHandler
INFO  - 2017-12-18 22:53:09.060; org.apache.solr.core.RequestHandlers; created /admin/: solr.admin.AdminHandlers
INFO  - 2017-12-18 22:53:09.061; org.apache.solr.core.RequestHandlers; created /admin/ping: solr.PingRequestHandler
INFO  - 2017-12-18 22:53:09.063; org.apache.solr.core.RequestHandlers; created /debug/dump: solr.DumpRequestHandler
INFO  - 2017-12-18 22:53:09.073; org.apache.solr.core.RequestHandlers; created /replication: solr.ReplicationHandler
INFO  - 2017-12-18 22:53:09.073; org.apache.solr.core.RequestHandlers; adding lazy requestHandler: solr.SearchHandler
INFO  - 2017-12-18 22:53:09.074; org.apache.solr.core.RequestHandlers; created /spell: solr.SearchHandler
INFO  - 2017-12-18 22:53:09.076; org.apache.solr.core.RequestHandlers; adding lazy requestHandler: solr.SearchHandler
INFO  - 2017-12-18 22:53:09.076; org.apache.solr.core.RequestHandlers; created /tvrh: solr.SearchHandler
INFO  - 2017-12-18 22:53:09.077; org.apache.solr.core.RequestHandlers; adding lazy requestHandler: solr.SearchHandler
INFO  - 2017-12-18 22:53:09.078; org.apache.solr.core.RequestHandlers; created /terms: solr.SearchHandler
INFO  - 2017-12-18 22:53:09.078; org.apache.solr.core.RequestHandlers; adding lazy requestHandler: solr.SearchHandler
INFO  - 2017-12-18 22:53:09.078; org.apache.solr.core.RequestHandlers; created /elevate: solr.SearchHandler
INFO  - 2017-12-18 22:53:09.080; org.apache.solr.handler.loader.XMLLoader; xsltCacheLifetimeSeconds=60
INFO  - 2017-12-18 22:53:09.081; org.apache.solr.handler.loader.XMLLoader; xsltCacheLifetimeSeconds=60
INFO  - 2017-12-18 22:53:09.082; org.apache.solr.handler.loader.XMLLoader; xsltCacheLifetimeSeconds=60
INFO  - 2017-12-18 22:53:09.084; org.apache.solr.handler.loader.XMLLoader; xsltCacheLifetimeSeconds=60
INFO  - 2017-12-18 22:53:09.085; org.apache.solr.handler.loader.XMLLoader; xsltCacheLifetimeSeconds=60
INFO  - 2017-12-18 22:53:09.091; org.apache.solr.update.CommitTracker; Hard AutoCommit: if uncommited for 15000ms; 
INFO  - 2017-12-18 22:53:09.091; org.apache.solr.update.CommitTracker; Soft AutoCommit: disabled
INFO  - 2017-12-18 22:53:09.101; org.apache.solr.core.SolrDeletionPolicy; SolrDeletionPolicy.onInit: commits: num=1
	commit{dir=NRTCachingDirectory(MMapDirectory@D:\pythonspace\mysite\solr-4.10.4\example\solr\collection1\data\index lockFactory=NativeFSLockFactory@D:\pythonspace\mysite\solr-4.10.4\example\solr\collection1\data\index; maxCacheMB=48.0 maxMergeSizeMB=4.0),segFN=segments_1,generation=1}
INFO  - 2017-12-18 22:53:09.101; org.apache.solr.core.SolrDeletionPolicy; newest commit generation = 1
INFO  - 2017-12-18 22:53:09.103; org.apache.solr.search.SolrIndexSearcher; Opening Searcher@4a320f92[collection1] main
INFO  - 2017-12-18 22:53:09.106; org.apache.solr.rest.ManagedResourceStorage$FileStorageIO; File-based storage initialized to use dir: D:\pythonspace\mysite\solr-4.10.4\example\solr\collection1\conf
INFO  - 2017-12-18 22:53:09.106; org.apache.solr.rest.RestManager; Initializing RestManager with initArgs: {storageDir=D:\pythonspace\mysite\solr-4.10.4\example\solr\collection1\conf}
INFO  - 2017-12-18 22:53:09.107; org.apache.solr.rest.ManagedResourceStorage; Reading _rest_managed.json using file:dir=D:\pythonspace\mysite\solr-4.10.4\example\solr\collection1\conf
INFO  - 2017-12-18 22:53:09.112; org.apache.solr.rest.ManagedResourceStorage; Loaded LinkedHashMap at path _rest_managed.json using file:dir=D:\pythonspace\mysite\solr-4.10.4\example\solr\collection1\conf
INFO  - 2017-12-18 22:53:09.113; org.apache.solr.rest.ManagedResource; Loaded initArgs {} for /rest/managed
INFO  - 2017-12-18 22:53:09.113; org.apache.solr.rest.RestManager; Initializing 2 registered ManagedResources
INFO  - 2017-12-18 22:53:09.115; org.apache.solr.rest.ManagedResourceStorage; Reading _schema_analysis_stopwords_english.json using file:dir=D:\pythonspace\mysite\solr-4.10.4\example\solr\collection1\conf
INFO  - 2017-12-18 22:53:09.120; org.apache.solr.rest.ManagedResourceStorage; Loaded LinkedHashMap at path _schema_analysis_stopwords_english.json using file:dir=D:\pythonspace\mysite\solr-4.10.4\example\solr\collection1\conf
INFO  - 2017-12-18 22:53:09.120; org.apache.solr.rest.ManagedResource; Loaded initArgs {ignoreCase=true} for /schema/analysis/stopwords/english
INFO  - 2017-12-18 22:53:09.121; org.apache.solr.rest.schema.analysis.ManagedWordSetResource; Loaded 35 words for /schema/analysis/stopwords/english
INFO  - 2017-12-18 22:53:09.121; org.apache.solr.rest.ManagedResource; Notified 1 observers of /schema/analysis/stopwords/english
INFO  - 2017-12-18 22:53:09.122; org.apache.solr.rest.ManagedResourceStorage; Reading _schema_analysis_synonyms_english.json using file:dir=D:\pythonspace\mysite\solr-4.10.4\example\solr\collection1\conf
INFO  - 2017-12-18 22:53:09.131; org.apache.solr.rest.ManagedResourceStorage; Loaded LinkedHashMap at path _schema_analysis_synonyms_english.json using file:dir=D:\pythonspace\mysite\solr-4.10.4\example\solr\collection1\conf
INFO  - 2017-12-18 22:53:09.132; org.apache.solr.rest.ManagedResource; Loaded initArgs {ignoreCase=true,format=solr} for /schema/analysis/synonyms/english
INFO  - 2017-12-18 22:53:09.133; org.apache.solr.rest.schema.analysis.ManagedSynonymFilterFactory$SynonymManager; Loaded 3 synonym mappings for /schema/analysis/synonyms/english
INFO  - 2017-12-18 22:53:09.135; org.apache.solr.rest.ManagedResource; Notified 1 observers of /schema/analysis/synonyms/english
INFO  - 2017-12-18 22:53:09.136; org.apache.solr.handler.component.SpellCheckComponent; Initializing spell checkers
INFO  - 2017-12-18 22:53:09.140; org.apache.solr.spelling.DirectSolrSpellChecker; init: {name=default,field=text,classname=solr.DirectSolrSpellChecker,distanceMeasure=internal,accuracy=0.5,maxEdits=2,minPrefix=1,maxInspections=5,minQueryLength=4,maxQueryFrequency=0.01}
INFO  - 2017-12-18 22:53:09.144; org.apache.solr.handler.component.SpellCheckComponent; No queryConverter defined, using default converter
INFO  - 2017-12-18 22:53:09.146; org.apache.solr.handler.component.QueryElevationComponent; Loading QueryElevation from: D:\pythonspace\mysite\solr-4.10.4\example\solr\collection1\conf\elevate.xml
INFO  - 2017-12-18 22:53:12.619; org.apache.solr.core.CoreContainer; registering core: blog
INFO  - 2017-12-18 22:53:12.619; org.apache.solr.core.SolrCore; [blog] Registered new searcher Searcher@11151794[blog] main{StandardDirectoryReader(segments_5:7:nrt _1(4.10.4):C7)}
INFO  - 2017-12-18 22:53:13.669; org.apache.solr.handler.ReplicationHandler; Commits will be reserved for  10000
INFO  - 2017-12-18 22:53:13.670; org.apache.solr.core.QuerySenderListener; QuerySenderListener sending requests to Searcher@4a320f92[collection1] main{StandardDirectoryReader(segments_1:1:nrt)}
INFO  - 2017-12-18 22:53:13.703; org.apache.solr.core.SolrCore; [collection1] webapp=null path=null params={q=static+firstSearcher+warming+in+solrconfig.xml&distrib=false&event=firstSearcher} hits=0 status=0 QTime=30 
INFO  - 2017-12-18 22:53:13.703; org.apache.solr.core.QuerySenderListener; QuerySenderListener done.
INFO  - 2017-12-18 22:53:13.704; org.apache.solr.handler.component.SpellCheckComponent$SpellCheckerListener; Loading spell index for spellchecker: default
INFO  - 2017-12-18 22:53:13.706; org.apache.solr.handler.component.SpellCheckComponent$SpellCheckerListener; Loading spell index for spellchecker: wordbreak
INFO  - 2017-12-18 22:53:13.708; org.apache.solr.core.SolrCore; [collection1] Registered new searcher Searcher@4a320f92[collection1] main{StandardDirectoryReader(segments_1:1:nrt)}
INFO  - 2017-12-18 22:53:13.711; org.apache.solr.core.CoreContainer; registering core: collection1
INFO  - 2017-12-18 22:53:13.711; org.apache.solr.servlet.SolrDispatchFilter; user.dir=D:\pythonspace\mysite\solr-4.10.4\example
INFO  - 2017-12-18 22:53:13.712; org.apache.solr.servlet.SolrDispatchFilter; SolrDispatchFilter.init() done
INFO  - 2017-12-18 22:53:13.728; org.eclipse.jetty.server.AbstractConnector; Started SocketConnector@0.0.0.0:8983
INFO  - 2017-12-18 22:53:21.440; org.apache.solr.core.SolrCore; [blog] webapp=/solr path=/select/ params={q=(test)&df=text&fl=*+score&start=0&fq=django_ct:(blog.post)&rows=1&wt=json} hits=3 status=0 QTime=23 
INFO  - 2017-12-18 22:53:21.465; org.apache.solr.core.SolrCore; [blog] webapp=/solr path=/select/ params={q=(test)&df=text&fl=*+score&start=0&fq=django_ct:(blog.post)&rows=10&wt=json} hits=3 status=0 QTime=1 
INFO  - 2017-12-18 22:53:25.238; org.apache.solr.core.SolrCore; [blog] webapp=/solr path=/select/ params={q=(test)&df=text&fl=*+score&start=0&fq=django_ct:(blog.post)&rows=1&wt=json} hits=3 status=0 QTime=1 
INFO  - 2017-12-18 22:53:25.247; org.apache.solr.core.SolrCore; [blog] webapp=/solr path=/select/ params={q=(test)&df=text&fl=*+score&start=0&fq=django_ct:(blog.post)&rows=10&wt=json} hits=3 status=0 QTime=2 
INFO  - 2017-12-18 22:53:49.565; org.apache.solr.core.SolrCore; [blog] webapp=/solr path=/select/ params={q=(test)&df=text&fl=*+score&start=0&fq=django_ct:(blog.post)&rows=1&wt=json} hits=3 status=0 QTime=1 
INFO  - 2017-12-18 22:53:49.573; org.apache.solr.core.SolrCore; [blog] webapp=/solr path=/select/ params={q=(test)&df=text&fl=*+score&start=0&fq=django_ct:(blog.post)&rows=10&wt=json} hits=3 status=0 QTime=2 
INFO  - 2017-12-18 22:55:05.081; org.apache.solr.core.SolrCore; [blog] webapp=/solr path=/select/ params={q=(test)&df=text&fl=*+score&start=0&fq=django_ct:(blog.post)&rows=1&wt=json} hits=3 status=0 QTime=1 
INFO  - 2017-12-18 22:55:05.088; org.apache.solr.core.SolrCore; [blog] webapp=/solr path=/select/ params={q=(test)&df=text&fl=*+score&start=0&fq=django_ct:(blog.post)&rows=10&wt=json} hits=3 status=0 QTime=1 
